<?xml version="1.0" encoding="UTF-8"?>
<!-- Generated by org.testng.reporters.JUnitReportReporter -->
<testsuite hostname="Kapil" failures="0" tests="3" name="testCases.CheckOut2Test" time="12.144" errors="0" timestamp="2023-10-31T16:11:54 IST" skipped="0">
  <testcase classname="testCases.CheckOut2Test" name="checkout2Titlepage" time="3.933"/>
  <system-out>
    <![CDATA[CheckOut 2= Checkout: Overview]]>
  </system-out>
  <testcase classname="testCases.CheckOut2Test" name="clickFinishBtnTest" time="3.052"/>
  <system-out>
    <![CDATA[Finish button]]>
  </system-out>
  <testcase classname="testCases.CheckOut2Test" name="inventory_item_name1pageTest" time="5.159"/>
  <system-out>
    <![CDATA[CheckOut 2= Sauce Labs Backpack]]>
  </system-out>
</testsuite> <!-- testCases.CheckOut2Test -->
