<?xml version="1.0" encoding="UTF-8"?>
<!-- Generated by org.testng.reporters.JUnitReportReporter -->
<testsuite hostname="Kapil" failures="0" tests="3" name="testCases.LoginPageTest" time="9.546" errors="0" timestamp="2023-11-01T20:47:07 IST" skipped="0">
  <testcase classname="testCases.LoginPageTest" name="verifyURLofApplication" time="5.235"/>
  <system-out/>
  <testcase classname="testCases.LoginPageTest" name="loginToAppTest" time="2.520"/>
  <system-out/>
  <testcase classname="testCases.LoginPageTest" name="verifyTitleOfApplication" time="1.791"/>
  <system-out/>
</testsuite> <!-- testCases.LoginPageTest -->
