<?xml version="1.0" encoding="UTF-8"?>
<!-- Generated by org.testng.reporters.JUnitReportReporter -->
<testsuite hostname="Kapil" failures="0" tests="1" name="testCases.InventoryPageTest" time="5.085" errors="0" timestamp="2023-12-15T18:18:50 IST" skipped="0">
  <testcase classname="testCases.InventoryPageTest" name="removeToCartTest" time="5.085"/>
  <system-out>
    <![CDATA[Remaining Cart Items = 4]]>
  </system-out>
</testsuite> <!-- testCases.InventoryPageTest -->
