<?xml version="1.0" encoding="UTF-8"?>
<!-- Generated by org.testng.reporters.JUnitReportReporter -->
<testsuite hostname="Kapil" failures="0" tests="4" name="testCases.InventoryPageTest" time="10.272" errors="0" timestamp="2023-11-01T20:40:37 IST" skipped="0">
  <testcase classname="testCases.InventoryPageTest" name="VerifyProductLabelTest" time="2.299"/>
  <system-out>
    <![CDATA[Application Label = Products]]>
  </system-out>
  <testcase classname="testCases.InventoryPageTest" name="verifyNumElementCartTest" time="2.778"/>
  <system-out>
    <![CDATA[Cart Items = 6]]>
  </system-out>
  <testcase classname="testCases.InventoryPageTest" name="removeToCartTest" time="3.027"/>
  <system-out>
    <![CDATA[Remaining Cart Items = 4]]>
  </system-out>
  <testcase classname="testCases.InventoryPageTest" name="VerifyTwitterLogoTest" time="2.168"/>
  <system-out>
    <![CDATA[Twitter logo = true]]>
  </system-out>
</testsuite> <!-- testCases.InventoryPageTest -->
