<?xml version="1.0" encoding="UTF-8"?>
<!-- Generated by org.testng.reporters.JUnitReportReporter -->
<testsuite hostname="Kapil" failures="0" tests="3" name="testCases.CheckoutPageTest" time="19.744" errors="0" timestamp="2023-10-29T19:14:33 IST" skipped="0">
  <testcase classname="testCases.CheckoutPageTest" name="verifyCheckOutURLTest" time="6.723"/>
  <system-out>
    <![CDATA[Actual Cart = https://www.saucedemo.com/checkout-step-one.html]]>
  </system-out>
  <testcase classname="testCases.CheckoutPageTest" name="personInfoTest" time="5.290"/>
  <system-out>
    <![CDATA[Checkout 2 = https://www.saucedemo.com/checkout-step-two.html]]>
  </system-out>
  <testcase classname="testCases.CheckoutPageTest" name="verifyCheckOutTitleTest" time="7.731"/>
  <system-out>
    <![CDATA[CheckOut 1= Checkout: Your Information]]>
  </system-out>
</testsuite> <!-- testCases.CheckoutPageTest -->
