<?xml version="1.0" encoding="UTF-8"?>
<!-- Generated by org.testng.reporters.JUnitReportReporter -->
<testsuite hostname="Kapil" failures="0" tests="3" name="testCases.CartPageTest" time="26.749" errors="0" timestamp="2023-11-06T07:19:54 IST" skipped="0">
  <testcase classname="testCases.CartPageTest" name="ChechOutBtnTest" time="4.688"/>
  <system-out>
    <![CDATA[CheckOut to shopping Page]]>
  </system-out>
  <testcase classname="testCases.CartPageTest" name="VerifyCartTitleTest" time="6.629"/>
  <system-out>
    <![CDATA[Actual Cart = Your Cart]]>
  </system-out>
  <testcase classname="testCases.CartPageTest" name="VerifyCartURLTest" time="15.432"/>
  <system-out>
    <![CDATA[Actual Cart = https://www.saucedemo.com/cart.html]]>
  </system-out>
</testsuite> <!-- testCases.CartPageTest -->
